<?xml version="1.0" encoding="UTF-8"?>
<!-- Generated by org.testng.reporters.JUnitReportReporter -->
<testsuite skipped="0" hostname="LAPTOP-8GRIVE32" name="tests.GetUser" tests="2" failures="0" timestamp="2022-01-03T18:58:00 CST" time="5.911" errors="0">
  <testcase name="test1" time="1.679" classname="tests.GetUser"/>
  <system-out/>
  <testcase name="GetRequestSingleUser" time="4.232" classname="tests.GetUser"/>
  <system-out/>
</testsuite> <!-- tests.GetUser -->
