<?xml version="1.0" encoding="UTF-8"?>
<!-- Generated by org.testng.reporters.JUnitReportReporter -->
<testsuite skipped="0" hostname="LAPTOP-8GRIVE32" name="tests.LocalServerGetRequest" tests="1" failures="0" timestamp="2022-01-06T09:33:30 CST" time="3.543" errors="0">
  <testcase name="getUsers" time="3.543" classname="tests.LocalServerGetRequest"/>
  <system-out/>
</testsuite> <!-- tests.LocalServerGetRequest -->
